<?xml version="1.0" encoding="UTF-8"?>
<testng-results ignored="0" total="4" passed="4" failed="0" skipped="0">
  <reporter-output>
  </reporter-output>
  <suite started-at="2022-04-28T18:19:32 AEST" name="Suite" finished-at="2022-04-28T18:20:09 AEST" duration-ms="37356">
    <groups>
      <group name="cucumber">
        <method signature="AbstractTestNGCucumberTests.runScenario(io.cucumber.testng.PickleWrapper,io.cucumber.testng.FeatureWrapper)[pri:0, instance:com.example.SpringAuto.runner.TestRunner@765d7657]" name="runScenario" class="io.cucumber.testng.AbstractTestNGCucumberTests"/>
      </group> <!-- cucumber -->
    </groups>
    <test started-at="2022-04-28T18:19:32 AEST" name="E2E Test of EAAPP with Cucumber" finished-at="2022-04-28T18:20:09 AEST" duration-ms="37356">
      <class name="com.example.SpringAuto.runner.TestRunner">
        <test-method is-config="true" signature="setUpClass(org.testng.ITestContext)[pri:0, instance:com.example.SpringAuto.runner.TestRunner@765d7657]" started-at="2022-04-28T18:19:32 AEST" name="setUpClass" finished-at="2022-04-28T18:19:33 AEST" duration-ms="821" status="PASS">
          <params>
            <param index="0">
              <value>
                <![CDATA[org.testng.TestRunner@609cd4d8]]>
              </value>
            </param>
          </params>
          <reporter-output>
          </reporter-output>
        </test-method> <!-- setUpClass -->
        <test-method signature="runScenario(io.cucumber.testng.PickleWrapper,io.cucumber.testng.FeatureWrapper)[pri:0, instance:com.example.SpringAuto.runner.TestRunner@765d7657]" started-at="2022-04-28T18:19:33 AEST" name="runScenario" description="Runs Cucumber Scenarios" data-provider="scenarios" finished-at="2022-04-28T18:20:01 AEST" duration-ms="27600" status="PASS">
          <params>
            <param index="0">
              <value>
                <![CDATA["Login with correct username and password"]]>
              </value>
            </param>
            <param index="1">
              <value>
                <![CDATA["Optional[Login Feature]"]]>
              </value>
            </param>
          </params>
          <reporter-output>
          </reporter-output>
        </test-method> <!-- runScenario -->
        <test-method signature="runScenario(io.cucumber.testng.PickleWrapper,io.cucumber.testng.FeatureWrapper)[pri:0, instance:com.example.SpringAuto.runner.TestRunner@765d7657]" started-at="2022-04-28T18:19:33 AEST" name="runScenario" description="Runs Cucumber Scenarios" data-provider="scenarios" finished-at="2022-04-28T18:20:08 AEST" duration-ms="34860" status="PASS">
          <params>
            <param index="0">
              <value>
                <![CDATA["Login with correct username and password and verify app behavior"]]>
              </value>
            </param>
            <param index="1">
              <value>
                <![CDATA["Optional[Login Feature]"]]>
              </value>
            </param>
          </params>
          <reporter-output>
          </reporter-output>
        </test-method> <!-- runScenario -->
        <test-method signature="runScenario(io.cucumber.testng.PickleWrapper,io.cucumber.testng.FeatureWrapper)[pri:0, instance:com.example.SpringAuto.runner.TestRunner@765d7657]" started-at="2022-04-28T18:19:33 AEST" name="runScenario" description="Runs Cucumber Scenarios" data-provider="scenarios" finished-at="2022-04-28T18:20:02 AEST" duration-ms="28647" status="PASS">
          <params>
            <param index="0">
              <value>
                <![CDATA["Login with correct username and password"]]>
              </value>
            </param>
            <param index="1">
              <value>
                <![CDATA["Optional[Login Feature]"]]>
              </value>
            </param>
          </params>
          <reporter-output>
          </reporter-output>
        </test-method> <!-- runScenario -->
        <test-method signature="runScenario(io.cucumber.testng.PickleWrapper,io.cucumber.testng.FeatureWrapper)[pri:0, instance:com.example.SpringAuto.runner.TestRunner@765d7657]" started-at="2022-04-28T18:19:33 AEST" name="runScenario" description="Runs Cucumber Scenarios" data-provider="scenarios" finished-at="2022-04-28T18:20:09 AEST" duration-ms="36178" status="PASS">
          <params>
            <param index="0">
              <value>
                <![CDATA["Login with correct username and password and verify app behavior"]]>
              </value>
            </param>
            <param index="1">
              <value>
                <![CDATA["Optional[Login Feature]"]]>
              </value>
            </param>
          </params>
          <reporter-output>
          </reporter-output>
        </test-method> <!-- runScenario -->
        <test-method is-config="true" signature="tearDownClass()[pri:0, instance:com.example.SpringAuto.runner.TestRunner@765d7657]" started-at="2022-04-28T18:20:09 AEST" name="tearDownClass" finished-at="2022-04-28T18:20:09 AEST" duration-ms="256" status="PASS">
          <reporter-output>
          </reporter-output>
        </test-method> <!-- tearDownClass -->
      </class> <!-- com.example.SpringAuto.runner.TestRunner -->
    </test> <!-- E2E Test of EAAPP with Cucumber -->
  </suite> <!-- Suite -->
</testng-results>
