<?xml version="1.0" encoding="UTF-8"?>
<testsuite xmlns:xsi="http://www.w3.org/2001/XMLSchema-instance" xsi:noNamespaceSchemaLocation="https://maven.apache.org/surefire/maven-surefire-plugin/xsd/surefire-test-report.xsd" name="TestSuite" time="36.877" tests="4" errors="0" skipped="0" failures="0">
  <properties>
[...]
</properties>
  <testcase name="runScenario" classname="com.example.SpringAuto.runner.TestRunner" time="27.569"/>
  <testcase name="runScenario" classname="com.example.SpringAuto.runner.TestRunner" time="28.068"/>
  <testcase name="runScenario" classname="com.example.SpringAuto.runner.TestRunner" time="34.432"/>
  <testcase name="runScenario" classname="com.example.SpringAuto.runner.TestRunner" time="34.746"/>
</testsuite>