<?xml version="1.0" encoding="UTF-8"?>
<testsuite xmlns:xsi="http://www.w3.org/2001/XMLSchema-instance" xsi:noNamespaceSchemaLocation="https://maven.apache.org/surefire/maven-surefire-plugin/xsd/surefire-test-report.xsd" name="TestSuite" time="27.301" tests="4" errors="0" skipped="0" failures="0">
  <properties>
[...]
</properties>
  <testcase name="runScenario" classname="com.example.SpringAuto.runner.TestRunner" time="22.479"/>
  <testcase name="runScenario" classname="com.example.SpringAuto.runner.TestRunner" time="22.5"/>
  <testcase name="runScenario" classname="com.example.SpringAuto.runner.TestRunner" time="25.438"/>
  <testcase name="runScenario" classname="com.example.SpringAuto.runner.TestRunner" time="25.918"/>
</testsuite>