<?xml version="1.0" encoding="UTF-8"?>
<testng-results ignored="0" total="4" passed="4" failed="0" skipped="0">
  <reporter-output>
  </reporter-output>
  <suite started-at="2022-04-28T10:40:48 UTC" name="Suite" finished-at="2022-04-28T10:41:15 UTC" duration-ms="26830">
    <groups>
      <group name="cucumber">
        <method signature="AbstractTestNGCucumberTests.runScenario(io.cucumber.testng.PickleWrapper,io.cucumber.testng.FeatureWrapper)[pri:0, instance:com.example.SpringAuto.runner.TestRunner@72e5a8e]" name="runScenario" class="io.cucumber.testng.AbstractTestNGCucumberTests"/>
      </group> <!-- cucumber -->
    </groups>
    <test started-at="2022-04-28T10:40:48 UTC" name="E2E Test of EAAPP with Cucumber" finished-at="2022-04-28T10:41:15 UTC" duration-ms="26830">
      <class name="com.example.SpringAuto.runner.TestRunner">
        <test-method is-config="true" signature="setUpClass(org.testng.ITestContext)[pri:0, instance:com.example.SpringAuto.runner.TestRunner@72e5a8e]" started-at="2022-04-28T10:40:48 UTC" name="setUpClass" finished-at="2022-04-28T10:40:49 UTC" duration-ms="511" status="PASS">
          <params>
            <param index="0">
              <value>
                <![CDATA[org.testng.TestRunner@48075da3]]>
              </value>
            </param>
          </params>
          <reporter-output>
          </reporter-output>
        </test-method> <!-- setUpClass -->
        <test-method signature="runScenario(io.cucumber.testng.PickleWrapper,io.cucumber.testng.FeatureWrapper)[pri:0, instance:com.example.SpringAuto.runner.TestRunner@72e5a8e]" started-at="2022-04-28T10:40:49 UTC" name="runScenario" description="Runs Cucumber Scenarios" data-provider="scenarios" finished-at="2022-04-28T10:41:11 UTC" duration-ms="22474" status="PASS">
          <params>
            <param index="0">
              <value>
                <![CDATA["Login with correct username and password"]]>
              </value>
            </param>
            <param index="1">
              <value>
                <![CDATA["Optional[Login Feature]"]]>
              </value>
            </param>
          </params>
          <reporter-output>
          </reporter-output>
        </test-method> <!-- runScenario -->
        <test-method signature="runScenario(io.cucumber.testng.PickleWrapper,io.cucumber.testng.FeatureWrapper)[pri:0, instance:com.example.SpringAuto.runner.TestRunner@72e5a8e]" started-at="2022-04-28T10:40:49 UTC" name="runScenario" description="Runs Cucumber Scenarios" data-provider="scenarios" finished-at="2022-04-28T10:41:11 UTC" duration-ms="22504" status="PASS">
          <params>
            <param index="0">
              <value>
                <![CDATA["Login with correct username and password"]]>
              </value>
            </param>
            <param index="1">
              <value>
                <![CDATA["Optional[Login Feature]"]]>
              </value>
            </param>
          </params>
          <reporter-output>
          </reporter-output>
        </test-method> <!-- runScenario -->
        <test-method signature="runScenario(io.cucumber.testng.PickleWrapper,io.cucumber.testng.FeatureWrapper)[pri:0, instance:com.example.SpringAuto.runner.TestRunner@72e5a8e]" started-at="2022-04-28T10:40:49 UTC" name="runScenario" description="Runs Cucumber Scenarios" data-provider="scenarios" finished-at="2022-04-28T10:41:14 UTC" duration-ms="25439" status="PASS">
          <params>
            <param index="0">
              <value>
                <![CDATA["Login with correct username and password and verify app behavior"]]>
              </value>
            </param>
            <param index="1">
              <value>
                <![CDATA["Optional[Login Feature]"]]>
              </value>
            </param>
          </params>
          <reporter-output>
          </reporter-output>
        </test-method> <!-- runScenario -->
        <test-method signature="runScenario(io.cucumber.testng.PickleWrapper,io.cucumber.testng.FeatureWrapper)[pri:0, instance:com.example.SpringAuto.runner.TestRunner@72e5a8e]" started-at="2022-04-28T10:40:49 UTC" name="runScenario" description="Runs Cucumber Scenarios" data-provider="scenarios" finished-at="2022-04-28T10:41:15 UTC" duration-ms="25922" status="PASS">
          <params>
            <param index="0">
              <value>
                <![CDATA["Login with correct username and password and verify app behavior"]]>
              </value>
            </param>
            <param index="1">
              <value>
                <![CDATA["Optional[Login Feature]"]]>
              </value>
            </param>
          </params>
          <reporter-output>
          </reporter-output>
        </test-method> <!-- runScenario -->
        <test-method is-config="true" signature="tearDownClass()[pri:0, instance:com.example.SpringAuto.runner.TestRunner@72e5a8e]" started-at="2022-04-28T10:41:15 UTC" name="tearDownClass" finished-at="2022-04-28T10:41:15 UTC" duration-ms="339" status="PASS">
          <reporter-output>
          </reporter-output>
        </test-method> <!-- tearDownClass -->
      </class> <!-- com.example.SpringAuto.runner.TestRunner -->
    </test> <!-- E2E Test of EAAPP with Cucumber -->
  </suite> <!-- Suite -->
</testng-results>
